c:\users\ghtys\source\repos\i love you but it isn't mutual\bin\int\vc143.pdb
c:\users\ghtys\source\repos\i love you but it isn't mutual\bin\int\source.obj
c:\users\ghtys\source\repos\i love you but it isn't mutual\bin\int\imports.obj
c:\users\ghtys\source\repos\i love you but it isn't mutual\bin\int\crt.obj
c:\users\ghtys\source\repos\i love you but it isn't mutual\bin\int\paging.obj
c:\users\ghtys\source\repos\i love you but it isn't mutual\bin\int\module.obj
c:\users\ghtys\source\repos\i love you but it isn't mutual\bin\int\memory.obj
c:\users\ghtys\source\repos\i love you but it isn't mutual\bin\int\controller.obj
c:\users\ghtys\source\repos\i love you but it isn't mutual\bin\kernel.sys
c:\users\ghtys\source\repos\i love you but it isn't mutual\bin\kernel.pdb
c:\users\ghtys\source\repos\i love you but it isn't mutual\bin\int\kernel.obj
c:\users\ghtys\source\repos\i love you but it isn't mutual\bin\int\kernel-mode.vcxproj.filelistabsolute.txt
c:\users\ghtys\source\repos\i love you but it isn't mutual\bin\int\kernel-mode.tlog\cl.command.1.tlog
c:\users\ghtys\source\repos\i love you but it isn't mutual\bin\int\kernel-mode.tlog\cl.items.tlog
c:\users\ghtys\source\repos\i love you but it isn't mutual\bin\int\kernel-mode.tlog\cl.read.1.tlog
c:\users\ghtys\source\repos\i love you but it isn't mutual\bin\int\kernel-mode.tlog\cl.write.1.tlog
c:\users\ghtys\source\repos\i love you but it isn't mutual\bin\int\kernel-mode.tlog\link.command.1.tlog
c:\users\ghtys\source\repos\i love you but it isn't mutual\bin\int\kernel-mode.tlog\link.read.1.tlog
c:\users\ghtys\source\repos\i love you but it isn't mutual\bin\int\kernel-mode.tlog\link.secondary.1.tlog
c:\users\ghtys\source\repos\i love you but it isn't mutual\bin\int\kernel-mode.tlog\link.write.1.tlog
